2018-10-14 11:48:16,104 ERROR 5124 [-/127.0.0.1/-/70ms GET /] nodejs.Error: Please set config.keys first
    at Application.get keys [as keys] (D:\liwei\study\game\node_modules\_egg@2.12.0@egg\lib\application.js:321:15)
    at Object.get cookies [as cookies] (D:\liwei\study\game\node_modules\_egg@2.12.0@egg\app\extend\context.js:22:66)
    at Object.get [egg-security#CSRF_SECRET] (D:\liwei\study\game\node_modules\_egg-security@2.4.0@egg-security\app\extend\context.js:86:33)
    at Object.ensureCsrfSecret (D:\liwei\study\game\node_modules\_egg-security@2.4.0@egg-security\app\extend\context.js:97:13)
    at csrf (D:\liwei\study\game\node_modules\_egg-security@2.4.0@egg-security\lib\middlewares\csrf.js:14:9)
    at dispatch (D:\liwei\study\game\node_modules\_koa-compose@4.1.0@koa-compose\index.js:42:32)
    at D:\liwei\study\game\node_modules\_koa-compose@4.1.0@koa-compose\index.js:34:12
    at dispatch (D:\liwei\study\game\node_modules\_koa-compose@4.1.0@koa-compose\index.js:42:32)
    at session (D:\liwei\study\game\node_modules\_koa-session@5.9.0@koa-session\index.js:41:13)
    at dispatch (D:\liwei\study\game\node_modules\_koa-compose@4.1.0@koa-compose\index.js:42:32)

pid: 5124
hostname: DESKTOP-PUQ90AT

2018-10-14 11:48:38,168 ERROR 5124 [-/127.0.0.1/-/17ms GET /] nodejs.Error: Please set config.keys first
    at Application.get keys [as keys] (D:\liwei\study\game\node_modules\_egg@2.12.0@egg\lib\application.js:321:15)
    at Object.get cookies [as cookies] (D:\liwei\study\game\node_modules\_egg@2.12.0@egg\app\extend\context.js:22:66)
    at Object.get [egg-security#CSRF_SECRET] (D:\liwei\study\game\node_modules\_egg-security@2.4.0@egg-security\app\extend\context.js:86:33)
    at Object.ensureCsrfSecret (D:\liwei\study\game\node_modules\_egg-security@2.4.0@egg-security\app\extend\context.js:97:13)
    at csrf (D:\liwei\study\game\node_modules\_egg-security@2.4.0@egg-security\lib\middlewares\csrf.js:14:9)
    at dispatch (D:\liwei\study\game\node_modules\_koa-compose@4.1.0@koa-compose\index.js:42:32)
    at D:\liwei\study\game\node_modules\_koa-compose@4.1.0@koa-compose\index.js:34:12
    at dispatch (D:\liwei\study\game\node_modules\_koa-compose@4.1.0@koa-compose\index.js:42:32)
    at session (D:\liwei\study\game\node_modules\_koa-session@5.9.0@koa-session\index.js:41:13)
    at dispatch (D:\liwei\study\game\node_modules\_koa-compose@4.1.0@koa-compose\index.js:42:32)

pid: 5124
hostname: DESKTOP-PUQ90AT

2018-10-14 11:51:36,526 ERROR 16564 [-/127.0.0.1/-/12ms GET /] nodejs.Error: Please set config.keys first
    at Application.get keys [as keys] (D:\liwei\study\game\node_modules\_egg@2.12.0@egg\lib\application.js:321:15)
    at Object.get cookies [as cookies] (D:\liwei\study\game\node_modules\_egg@2.12.0@egg\app\extend\context.js:22:66)
    at Object.get [egg-security#CSRF_SECRET] (D:\liwei\study\game\node_modules\_egg-security@2.4.0@egg-security\app\extend\context.js:86:33)
    at Object.ensureCsrfSecret (D:\liwei\study\game\node_modules\_egg-security@2.4.0@egg-security\app\extend\context.js:97:13)
    at csrf (D:\liwei\study\game\node_modules\_egg-security@2.4.0@egg-security\lib\middlewares\csrf.js:14:9)
    at dispatch (D:\liwei\study\game\node_modules\_koa-compose@4.1.0@koa-compose\index.js:42:32)
    at D:\liwei\study\game\node_modules\_koa-compose@4.1.0@koa-compose\index.js:34:12
    at dispatch (D:\liwei\study\game\node_modules\_koa-compose@4.1.0@koa-compose\index.js:42:32)
    at session (D:\liwei\study\game\node_modules\_koa-session@5.9.0@koa-session\index.js:41:13)
    at dispatch (D:\liwei\study\game\node_modules\_koa-compose@4.1.0@koa-compose\index.js:42:32)

pid: 16564
hostname: DESKTOP-PUQ90AT

2018-10-14 11:53:06,183 ERROR 16564 [-/127.0.0.1/-/1ms GET /] nodejs.Error: Please set config.keys first
    at Application.get keys [as keys] (D:\liwei\study\game\node_modules\_egg@2.12.0@egg\lib\application.js:321:15)
    at Object.get cookies [as cookies] (D:\liwei\study\game\node_modules\_egg@2.12.0@egg\app\extend\context.js:22:66)
    at Object.get [egg-security#CSRF_SECRET] (D:\liwei\study\game\node_modules\_egg-security@2.4.0@egg-security\app\extend\context.js:86:33)
    at Object.ensureCsrfSecret (D:\liwei\study\game\node_modules\_egg-security@2.4.0@egg-security\app\extend\context.js:97:13)
    at csrf (D:\liwei\study\game\node_modules\_egg-security@2.4.0@egg-security\lib\middlewares\csrf.js:14:9)
    at dispatch (D:\liwei\study\game\node_modules\_koa-compose@4.1.0@koa-compose\index.js:42:32)
    at D:\liwei\study\game\node_modules\_koa-compose@4.1.0@koa-compose\index.js:34:12
    at dispatch (D:\liwei\study\game\node_modules\_koa-compose@4.1.0@koa-compose\index.js:42:32)
    at session (D:\liwei\study\game\node_modules\_koa-session@5.9.0@koa-session\index.js:41:13)
    at dispatch (D:\liwei\study\game\node_modules\_koa-compose@4.1.0@koa-compose\index.js:42:32)

pid: 16564
hostname: DESKTOP-PUQ90AT

2018-10-14 11:53:09,266 ERROR 16564 [-/127.0.0.1/-/0ms GET /] nodejs.Error: Please set config.keys first
    at Application.get keys [as keys] (D:\liwei\study\game\node_modules\_egg@2.12.0@egg\lib\application.js:321:15)
    at Object.get cookies [as cookies] (D:\liwei\study\game\node_modules\_egg@2.12.0@egg\app\extend\context.js:22:66)
    at Object.get [egg-security#CSRF_SECRET] (D:\liwei\study\game\node_modules\_egg-security@2.4.0@egg-security\app\extend\context.js:86:33)
    at Object.ensureCsrfSecret (D:\liwei\study\game\node_modules\_egg-security@2.4.0@egg-security\app\extend\context.js:97:13)
    at csrf (D:\liwei\study\game\node_modules\_egg-security@2.4.0@egg-security\lib\middlewares\csrf.js:14:9)
    at dispatch (D:\liwei\study\game\node_modules\_koa-compose@4.1.0@koa-compose\index.js:42:32)
    at D:\liwei\study\game\node_modules\_koa-compose@4.1.0@koa-compose\index.js:34:12
    at dispatch (D:\liwei\study\game\node_modules\_koa-compose@4.1.0@koa-compose\index.js:42:32)
    at session (D:\liwei\study\game\node_modules\_koa-session@5.9.0@koa-session\index.js:41:13)
    at dispatch (D:\liwei\study\game\node_modules\_koa-compose@4.1.0@koa-compose\index.js:42:32)

pid: 16564
hostname: DESKTOP-PUQ90AT

2018-10-14 12:07:46,277 ERROR 19648 [-/127.0.0.1/-/15ms GET /] nodejs.AssertionError [ERR_ASSERTION]: Can't find game.xtpl from D:\liwei\study\game\app\view
    at Map.resolve (D:\liwei\study\game\node_modules\_egg-view@2.1.0@egg-view\lib\view_manager.js:74:5)
generatedMessage: false
name: "AssertionError [ERR_ASSERTION]"
code: "ERR_ASSERTION"
actual: undefined
expected: true
operator: "=="
pid: 19648
hostname: DESKTOP-PUQ90AT

2018-10-14 12:08:21,253 ERROR 19648 [-/127.0.0.1/-/3ms GET /] nodejs.AssertionError [ERR_ASSERTION]: Can't find ViewEngine "xtpl"
    at ContextView.[contextView#getViewEngine] (D:\liwei\study\game\node_modules\_egg-view@2.1.0@egg-view\lib\context_view.js:88:5)
    at ContextView.[contextView#render] (D:\liwei\study\game\node_modules\_egg-view@2.1.0@egg-view\lib\context_view.js:69:39)
generatedMessage: false
name: "AssertionError [ERR_ASSERTION]"
code: "ERR_ASSERTION"
actual: undefined
expected: true
operator: "=="
pid: 19648
hostname: DESKTOP-PUQ90AT

2018-10-14 12:08:55,003 ERROR 20268 [-/127.0.0.1/-/16ms GET /] nodejs.AssertionError [ERR_ASSERTION]: Can't find ViewEngine "xtpl"
    at ContextView.[contextView#getViewEngine] (D:\liwei\study\game\node_modules\_egg-view@2.1.0@egg-view\lib\context_view.js:88:5)
    at ContextView.[contextView#render] (D:\liwei\study\game\node_modules\_egg-view@2.1.0@egg-view\lib\context_view.js:69:39)
generatedMessage: false
name: "AssertionError [ERR_ASSERTION]"
code: "ERR_ASSERTION"
actual: undefined
expected: true
operator: "=="
pid: 20268
hostname: DESKTOP-PUQ90AT

2018-10-14 12:09:23,458 ERROR 19684 [-/127.0.0.1/-/12ms GET /] nodejs.AssertionError [ERR_ASSERTION]: Can't find ViewEngine "xtpl"
    at ContextView.[contextView#getViewEngine] (D:\liwei\study\game\node_modules\_egg-view@2.1.0@egg-view\lib\context_view.js:88:5)
    at ContextView.[contextView#render] (D:\liwei\study\game\node_modules\_egg-view@2.1.0@egg-view\lib\context_view.js:69:39)
generatedMessage: false
name: "AssertionError [ERR_ASSERTION]"
code: "ERR_ASSERTION"
actual: undefined
expected: true
operator: "=="
pid: 19684
hostname: DESKTOP-PUQ90AT

2018-10-14 12:22:49,274 ERROR 15620 [-/127.0.0.1/-/21ms GET /] nodejs.AssertionError [ERR_ASSERTION]: Can't find ViewEngine "nunjucks"
    at ContextView.[contextView#getViewEngine] (D:\liwei\study\game\node_modules\_egg-view@2.1.0@egg-view\lib\context_view.js:88:5)
    at ContextView.[contextView#render] (D:\liwei\study\game\node_modules\_egg-view@2.1.0@egg-view\lib\context_view.js:69:39)
generatedMessage: false
name: "AssertionError [ERR_ASSERTION]"
code: "ERR_ASSERTION"
actual: undefined
expected: true
operator: "=="
pid: 15620
hostname: DESKTOP-PUQ90AT

2018-10-14 12:27:54,802 ERROR 23100 [-/127.0.0.1/-/15ms GET /] nodejs.AssertionError [ERR_ASSERTION]: Can't find game/flappybird.tpl.tpl from D:\liwei\study\game\app\view
    at Map.resolve (D:\liwei\study\game\node_modules\_egg-view@2.1.0@egg-view\lib\view_manager.js:74:5)
generatedMessage: false
name: "AssertionError [ERR_ASSERTION]"
code: "ERR_ASSERTION"
actual: undefined
expected: true
operator: "=="
pid: 23100
hostname: DESKTOP-PUQ90AT

2018-10-14 12:33:55,827 ERROR 16212 nodejs.EPERMError: EPERM: operation not permitted, watch
    at FSEvent.FSWatcher._handle.onchange (internal/fs/watchers.js:120:28)
errno: -4048
syscall: "watch"
code: "EPERM"
filename: null
dir: "D:\\liwei\\study\\game\\app\\public\\build\\sr"
name: "EPERMError"
pid: 16212
hostname: DESKTOP-PUQ90AT

2018-10-14 12:33:55,828 ERROR 21492 nodejs.EPERMError: EPERM: operation not permitted, watch
    at FSEvent.FSWatcher._handle.onchange (internal/fs/watchers.js:120:28)
errno: -4048
syscall: "watch"
code: "EPERM"
filename: null
dir: "D:\\liwei\\study\\game\\app\\public\\build\\sr"
name: "EPERMError"
pid: 21492
hostname: DESKTOP-PUQ90AT

2018-10-14 12:33:55,826 ERROR 19580 nodejs.EPERMError: EPERM: operation not permitted, watch
    at FSEvent.FSWatcher._handle.onchange (internal/fs/watchers.js:120:28)
errno: -4048
syscall: "watch"
code: "EPERM"
filename: null
dir: "D:\\liwei\\study\\game\\app\\public\\build\\sr"
name: "EPERMError"
pid: 19580
hostname: DESKTOP-PUQ90AT

2018-10-14 12:45:11,619 ERROR 21476 [-/127.0.0.1/-/11ms GET /] nodejs.ENOENTError: XTemplate error in file: D:\liwei\study\game\app\src\flappybird.index.xtpl at line 1: ENOENT: no such file or directory, open 'D:\liwei\study\game\app\src\flappybird.index.xtpl'
XTemplate error in file: D:\liwei\study\game\app\src\flappybird.index.xtpl at line 1: Error: ENOENT: no such file or directory, open 'D:\liwei\study\game\app\src\flappybird.index.xtpl'
errno: -4058
code: "ENOENT"
syscall: "open"
path: "D:\\liwei\\study\\game\\app\\src\\flappybird.index.xtpl"
xtpl: {"pos":{"line":1},"name":"D:\\liwei\\study\\game\\app\\src\\flappybird.index.xtpl"}
name: "ENOENTError"
pid: 21476
hostname: DESKTOP-PUQ90AT

2018-10-14 12:45:49,458 ERROR 21476 [-/127.0.0.1/-/5ms GET /] nodejs.ENOENTError: XTemplate error in file: D:\liwei\study\game\app\public\src\flappybird.index.xtpl at line 1: ENOENT: no such file or directory, open 'D:\liwei\study\game\app\public\src\flappybird.index.xtpl'
XTemplate error in file: D:\liwei\study\game\app\public\src\flappybird.index.xtpl at line 1: Error: ENOENT: no such file or directory, open 'D:\liwei\study\game\app\public\src\flappybird.index.xtpl'
errno: -4058
code: "ENOENT"
syscall: "open"
path: "D:\\liwei\\study\\game\\app\\public\\src\\flappybird.index.xtpl"
xtpl: {"pos":{"line":1},"name":"D:\\liwei\\study\\game\\app\\public\\src\\flappybird.index.xtpl"}
name: "ENOENTError"
pid: 21476
hostname: DESKTOP-PUQ90AT

2018-10-14 14:02:42,881 ERROR 17888 nodejs.ClusterClientNoResponseError: client no response in 4592261ms exceeding maxIdleTime 60000ms, maybe the connection is close on other side.
    at Timeout.Leader._heartbeatTimer.setInterval [as _onTimeout] (D:\liwei\study\game\node_modules\_cluster-client@2.1.1@cluster-client\lib\leader.js:74:23)
    at ontimeout (timers.js:427:11)
    at tryOnTimeout (timers.js:289:5)
    at listOnTimeout (timers.js:252:5)
    at Timer.processTimers (timers.js:212:10)
name: "ClusterClientNoResponseError"
pid: 17888
hostname: DESKTOP-PUQ90AT

2018-10-14 17:38:58,965 ERROR 29912 nodejs.ClusterClientNoResponseError: client no response in 726011ms exceeding maxIdleTime 60000ms, maybe the connection is close on other side.
    at Timeout.Leader._heartbeatTimer.setInterval [as _onTimeout] (D:\liwei\study\game\node_modules\_cluster-client@2.1.1@cluster-client\lib\leader.js:74:23)
    at ontimeout (timers.js:427:11)
    at tryOnTimeout (timers.js:289:5)
    at listOnTimeout (timers.js:252:5)
    at Timer.processTimers (timers.js:212:10)
name: "ClusterClientNoResponseError"
pid: 29912
hostname: DESKTOP-PUQ90AT

2018-10-14 19:34:21,035 ERROR 29912 nodejs.ClusterClientNoResponseError: client no response in 5041906ms exceeding maxIdleTime 60000ms, maybe the connection is close on other side.
    at Timeout.Leader._heartbeatTimer.setInterval [as _onTimeout] (D:\liwei\study\game\node_modules\_cluster-client@2.1.1@cluster-client\lib\leader.js:74:23)
    at ontimeout (timers.js:427:11)
    at tryOnTimeout (timers.js:289:5)
    at listOnTimeout (timers.js:252:5)
    at Timer.processTimers (timers.js:212:10)
name: "ClusterClientNoResponseError"
pid: 29912
hostname: DESKTOP-PUQ90AT

